#-----------------------------------------------------------
# Vivado v2018.2 (64-bit)
# SW Build 2258646 on Thu Jun 14 20:03:12 MDT 2018
# IP Build 2256618 on Thu Jun 14 22:10:49 MDT 2018
# Start of session at: Tue Apr  9 12:55:40 2024
# Process ID: 108976
# Current directory: C:/Users/C27Brandon.Sweitzer/code/ece281-lab4
# Command line: vivado.exe -gui_launcher_event rodinguilauncherevent105816 C:\Users\C27Brandon.Sweitzer\code\ece281-lab4\elevator_fsm.xpr
# Log file: C:/Users/C27Brandon.Sweitzer/code/ece281-lab4/vivado.log
# Journal file: C:/Users/C27Brandon.Sweitzer/code/ece281-lab4\vivado.jou
#-----------------------------------------------------------
start_gui
open_project C:/Users/C27Brandon.Sweitzer/code/ece281-lab4/elevator_fsm.xpr
Scanning sources...
Finished scanning sources
WARNING: [Project 1-509] GeneratedRun file for 'synth_1' not found
WARNING: [filemgmt 56-3] IPUserFilesDir: Could not find the directory 'C:/Users/C27Brandon.Sweitzer/code/ece281-lab4/elevator_fsm.ip_user_files'.
INFO: [IP_Flow 19-234] Refreshing IP repositories
INFO: [IP_Flow 19-1704] No user IP repositories specified
INFO: [IP_Flow 19-2313] Loaded Vivado IP repository 'C:/Xilinx/Vivado/2018.2/data/ip'.
open_project: Time (s): cpu = 00:00:05 ; elapsed = 00:00:09 . Memory (MB): peak = 746.703 ; gain = 63.707
update_compile_order -fileset sources_1
exit
INFO: [Common 17-206] Exiting Vivado at Tue Apr  9 13:19:08 2024...
