
*** Running vivado
    with args -log top_basys3.vds -m64 -product Vivado -mode batch -messageDb vivado.pb -notrace -source top_basys3.tcl


****** Vivado v2018.2 (64-bit)
  **** SW Build 2258646 on Thu Jun 14 20:03:12 MDT 2018
  **** IP Build 2256618 on Thu Jun 14 22:10:49 MDT 2018
    ** Copyright 1986-2018 Xilinx, Inc. All Rights Reserved.

source top_basys3.tcl -notrace
Command: synth_design -top top_basys3 -part xc7a35tcpg236-1
Starting synth_design
Attempting to get a license for feature 'Synthesis' and/or device 'xc7a35t'
INFO: [Common 17-349] Got license for feature 'Synthesis' and/or device 'xc7a35t'
INFO: Launching helper process for spawning children vivado processes
INFO: Helper process launched with PID 37584 
---------------------------------------------------------------------------------
Starting RTL Elaboration : Time (s): cpu = 00:00:02 ; elapsed = 00:00:04 . Memory (MB): peak = 341.379 ; gain = 99.680
---------------------------------------------------------------------------------
INFO: [Synth 8-638] synthesizing module 'top_basys3' [C:/Users/C27Brandon.Sweitzer/code/ece281-lab4/src/hdl/top_basys3.vhd:92]
	Parameter k_DIV bound to: 25000000 - type: integer 
INFO: [Synth 8-3491] module 'clock_divider' declared at 'C:/Users/C27Brandon.Sweitzer/code/ece281-lab4/src/hdl/clock_divider.vhd:53' bound to instance 'clkdiv_inst' of component 'clock_divider' [C:/Users/C27Brandon.Sweitzer/code/ece281-lab4/src/hdl/top_basys3.vhd:147]
INFO: [Synth 8-638] synthesizing module 'clock_divider' [C:/Users/C27Brandon.Sweitzer/code/ece281-lab4/src/hdl/clock_divider.vhd:63]
	Parameter k_DIV bound to: 25000000 - type: integer 
INFO: [Synth 8-256] done synthesizing module 'clock_divider' (1#1) [C:/Users/C27Brandon.Sweitzer/code/ece281-lab4/src/hdl/clock_divider.vhd:63]
	Parameter k_DIV bound to: 200000 - type: integer 
INFO: [Synth 8-3491] module 'clock_divider' declared at 'C:/Users/C27Brandon.Sweitzer/code/ece281-lab4/src/hdl/clock_divider.vhd:53' bound to instance 'clkdiv_inst2' of component 'clock_divider' [C:/Users/C27Brandon.Sweitzer/code/ece281-lab4/src/hdl/top_basys3.vhd:155]
INFO: [Synth 8-638] synthesizing module 'clock_divider__parameterized1' [C:/Users/C27Brandon.Sweitzer/code/ece281-lab4/src/hdl/clock_divider.vhd:63]
	Parameter k_DIV bound to: 200000 - type: integer 
INFO: [Synth 8-256] done synthesizing module 'clock_divider__parameterized1' (1#1) [C:/Users/C27Brandon.Sweitzer/code/ece281-lab4/src/hdl/clock_divider.vhd:63]
	Parameter k_WIDTH bound to: 4 - type: integer 
INFO: [Synth 8-3491] module 'elevator_controller_fsm' declared at 'C:/Users/C27Brandon.Sweitzer/code/ece281-ice5/src/hdl/elevator_controller_fsm.vhd:73' bound to instance 'controller_inst' of component 'elevator_controller_fsm' [C:/Users/C27Brandon.Sweitzer/code/ece281-lab4/src/hdl/top_basys3.vhd:162]
INFO: [Synth 8-638] synthesizing module 'elevator_controller_fsm' [C:/Users/C27Brandon.Sweitzer/code/ece281-ice5/src/hdl/elevator_controller_fsm.vhd:85]
INFO: [Synth 8-226] default block is never used [C:/Users/C27Brandon.Sweitzer/code/ece281-ice5/src/hdl/elevator_controller_fsm.vhd:137]
INFO: [Synth 8-226] default block is never used [C:/Users/C27Brandon.Sweitzer/code/ece281-ice5/src/hdl/elevator_controller_fsm.vhd:155]
INFO: [Synth 8-256] done synthesizing module 'elevator_controller_fsm' (2#1) [C:/Users/C27Brandon.Sweitzer/code/ece281-ice5/src/hdl/elevator_controller_fsm.vhd:85]
	Parameter k_WIDTH bound to: 4 - type: integer 
INFO: [Synth 8-3491] module 'TDM4' declared at 'C:/Users/C27Brandon.Sweitzer/code/ece281-lab4/src/hdl/TDM4.vhd:56' bound to instance 'plexer_inst' of component 'TDM4' [C:/Users/C27Brandon.Sweitzer/code/ece281-lab4/src/hdl/top_basys3.vhd:172]
INFO: [Synth 8-638] synthesizing module 'TDM4' [C:/Users/C27Brandon.Sweitzer/code/ece281-lab4/src/hdl/TDM4.vhd:67]
	Parameter k_WIDTH bound to: 4 - type: integer 
INFO: [Synth 8-256] done synthesizing module 'TDM4' (3#1) [C:/Users/C27Brandon.Sweitzer/code/ece281-lab4/src/hdl/TDM4.vhd:67]
INFO: [Synth 8-3491] module 'sevenSegDecoder' declared at 'C:/Users/C27Brandon.Sweitzer/code/ece281-lab4/elevator_fsm.srcs/sources_1/new/sevenSegDecoder.vhd:34' bound to instance 'decoder_inst' of component 'sevenSegDecoder' [C:/Users/C27Brandon.Sweitzer/code/ece281-lab4/src/hdl/top_basys3.vhd:182]
INFO: [Synth 8-638] synthesizing module 'sevenSegDecoder' [C:/Users/C27Brandon.Sweitzer/code/ece281-lab4/elevator_fsm.srcs/sources_1/new/sevenSegDecoder.vhd:42]
INFO: [Synth 8-256] done synthesizing module 'sevenSegDecoder' (4#1) [C:/Users/C27Brandon.Sweitzer/code/ece281-lab4/elevator_fsm.srcs/sources_1/new/sevenSegDecoder.vhd:42]
INFO: [Synth 8-256] done synthesizing module 'top_basys3' (5#1) [C:/Users/C27Brandon.Sweitzer/code/ece281-lab4/src/hdl/top_basys3.vhd:92]
WARNING: [Synth 8-3917] design top_basys3 has port led[14] driven by constant 0
WARNING: [Synth 8-3917] design top_basys3 has port led[13] driven by constant 0
WARNING: [Synth 8-3917] design top_basys3 has port led[12] driven by constant 0
WARNING: [Synth 8-3917] design top_basys3 has port led[11] driven by constant 0
WARNING: [Synth 8-3917] design top_basys3 has port led[10] driven by constant 0
WARNING: [Synth 8-3917] design top_basys3 has port led[9] driven by constant 0
WARNING: [Synth 8-3917] design top_basys3 has port led[8] driven by constant 0
WARNING: [Synth 8-3917] design top_basys3 has port led[7] driven by constant 0
WARNING: [Synth 8-3917] design top_basys3 has port led[6] driven by constant 0
WARNING: [Synth 8-3917] design top_basys3 has port led[5] driven by constant 0
WARNING: [Synth 8-3917] design top_basys3 has port led[4] driven by constant 0
WARNING: [Synth 8-3917] design top_basys3 has port led[3] driven by constant 0
WARNING: [Synth 8-3917] design top_basys3 has port led[2] driven by constant 0
WARNING: [Synth 8-3917] design top_basys3 has port led[1] driven by constant 0
WARNING: [Synth 8-3917] design top_basys3 has port led[0] driven by constant 0
WARNING: [Synth 8-3331] design top_basys3 has unconnected port sw[13]
WARNING: [Synth 8-3331] design top_basys3 has unconnected port sw[12]
WARNING: [Synth 8-3331] design top_basys3 has unconnected port sw[11]
WARNING: [Synth 8-3331] design top_basys3 has unconnected port sw[10]
WARNING: [Synth 8-3331] design top_basys3 has unconnected port sw[9]
WARNING: [Synth 8-3331] design top_basys3 has unconnected port sw[8]
WARNING: [Synth 8-3331] design top_basys3 has unconnected port sw[7]
WARNING: [Synth 8-3331] design top_basys3 has unconnected port sw[6]
WARNING: [Synth 8-3331] design top_basys3 has unconnected port sw[5]
WARNING: [Synth 8-3331] design top_basys3 has unconnected port sw[4]
WARNING: [Synth 8-3331] design top_basys3 has unconnected port sw[3]
WARNING: [Synth 8-3331] design top_basys3 has unconnected port sw[2]
WARNING: [Synth 8-3331] design top_basys3 has unconnected port sw[1]
WARNING: [Synth 8-3331] design top_basys3 has unconnected port sw[0]
---------------------------------------------------------------------------------
Finished RTL Elaboration : Time (s): cpu = 00:00:03 ; elapsed = 00:00:05 . Memory (MB): peak = 398.078 ; gain = 156.379
---------------------------------------------------------------------------------

Report Check Netlist: 
+------+------------------+-------+---------+-------+------------------+
|      |Item              |Errors |Warnings |Status |Description       |
+------+------------------+-------+---------+-------+------------------+
|1     |multi_driven_nets |      0|        0|Passed |Multi driven nets |
+------+------------------+-------+---------+-------+------------------+
---------------------------------------------------------------------------------
Start Handling Custom Attributes
---------------------------------------------------------------------------------
---------------------------------------------------------------------------------
Finished Handling Custom Attributes : Time (s): cpu = 00:00:03 ; elapsed = 00:00:05 . Memory (MB): peak = 398.078 ; gain = 156.379
---------------------------------------------------------------------------------
---------------------------------------------------------------------------------
Finished RTL Optimization Phase 1 : Time (s): cpu = 00:00:03 ; elapsed = 00:00:05 . Memory (MB): peak = 398.078 ; gain = 156.379
---------------------------------------------------------------------------------
INFO: [Device 21-403] Loading part xc7a35tcpg236-1
INFO: [Project 1-570] Preparing netlist for logic optimization

Processing XDC Constraints
Initializing timing engine
Parsing XDC File [C:/Users/C27Brandon.Sweitzer/code/ece281-lab4/src/hdl/Basys3_Master.xdc]
Finished Parsing XDC File [C:/Users/C27Brandon.Sweitzer/code/ece281-lab4/src/hdl/Basys3_Master.xdc]
INFO: [Project 1-236] Implementation specific constraints were found while reading constraint file [C:/Users/C27Brandon.Sweitzer/code/ece281-lab4/src/hdl/Basys3_Master.xdc]. These constraints will be ignored for synthesis but will be used in implementation. Impacted constraints are listed in the file [.Xil/top_basys3_propImpl.xdc].
Resolution: To avoid this warning, move constraints listed in [.Xil/top_basys3_propImpl.xdc] to another XDC file and exclude this new file from synthesis with the used_in_synthesis property (File Properties dialog in GUI) and re-run elaboration/synthesis.
Completed Processing XDC Constraints

INFO: [Project 1-111] Unisim Transformation Summary:
No Unisim elements were transformed.

Constraint Validation Runtime : Time (s): cpu = 00:00:00 ; elapsed = 00:00:00.013 . Memory (MB): peak = 716.766 ; gain = 0.000
---------------------------------------------------------------------------------
Finished Constraint Validation : Time (s): cpu = 00:00:10 ; elapsed = 00:00:19 . Memory (MB): peak = 716.766 ; gain = 475.066
---------------------------------------------------------------------------------
---------------------------------------------------------------------------------
Start Loading Part and Timing Information
---------------------------------------------------------------------------------
Loading part: xc7a35tcpg236-1
---------------------------------------------------------------------------------
Finished Loading Part and Timing Information : Time (s): cpu = 00:00:10 ; elapsed = 00:00:19 . Memory (MB): peak = 716.766 ; gain = 475.066
---------------------------------------------------------------------------------
---------------------------------------------------------------------------------
Start Applying 'set_property' XDC Constraints
---------------------------------------------------------------------------------
---------------------------------------------------------------------------------
Finished applying 'set_property' XDC Constraints : Time (s): cpu = 00:00:10 ; elapsed = 00:00:20 . Memory (MB): peak = 716.766 ; gain = 475.066
---------------------------------------------------------------------------------
INFO: [Synth 8-5545] ROM "f_clk" won't be mapped to RAM because address size (31) is larger than maximum supported(25)
INFO: [Synth 8-5545] ROM "f_clk" won't be mapped to RAM because address size (31) is larger than maximum supported(25)
INFO: [Synth 8-5544] ROM "o_floor2" won't be mapped to Block RAM because address size (4) smaller than threshold (5)
INFO: [Synth 8-5544] ROM "o_floor" won't be mapped to Block RAM because address size (4) smaller than threshold (5)
INFO: [Synth 8-5544] ROM "f_Q_next" won't be mapped to Block RAM because address size (1) smaller than threshold (5)
INFO: [Synth 8-5544] ROM "o_data" won't be mapped to Block RAM because address size (2) smaller than threshold (5)
INFO: [Synth 8-5544] ROM "o_sel" won't be mapped to Block RAM because address size (2) smaller than threshold (5)
WARNING: [Synth 8-327] inferring latch for variable 'o_data_reg' [C:/Users/C27Brandon.Sweitzer/code/ece281-lab4/src/hdl/TDM4.vhd:92]
WARNING: [Synth 8-327] inferring latch for variable 'o_sel_reg' [C:/Users/C27Brandon.Sweitzer/code/ece281-lab4/src/hdl/TDM4.vhd:95]
---------------------------------------------------------------------------------
Finished RTL Optimization Phase 2 : Time (s): cpu = 00:00:11 ; elapsed = 00:00:20 . Memory (MB): peak = 716.766 ; gain = 475.066
---------------------------------------------------------------------------------

Report RTL Partitions: 
+-+--------------+------------+----------+
| |RTL Partition |Replication |Instances |
+-+--------------+------------+----------+
+-+--------------+------------+----------+
---------------------------------------------------------------------------------
Start RTL Component Statistics 
---------------------------------------------------------------------------------
Detailed RTL Component Info : 
+---Adders : 
	   2 Input     31 Bit       Adders := 2     
	   2 Input      2 Bit       Adders := 1     
+---Registers : 
	               31 Bit    Registers := 2     
	                4 Bit    Registers := 1     
	                2 Bit    Registers := 1     
	                1 Bit    Registers := 2     
+---Muxes : 
	   2 Input     31 Bit        Muxes := 2     
	   2 Input      4 Bit        Muxes := 2     
	   2 Input      1 Bit        Muxes := 9     
	  16 Input      1 Bit        Muxes := 1     
---------------------------------------------------------------------------------
Finished RTL Component Statistics 
---------------------------------------------------------------------------------
---------------------------------------------------------------------------------
Start RTL Hierarchical Component Statistics 
---------------------------------------------------------------------------------
Hierarchical RTL Component report 
Module clock_divider 
Detailed RTL Component Info : 
+---Adders : 
	   2 Input     31 Bit       Adders := 1     
+---Registers : 
	               31 Bit    Registers := 1     
	                1 Bit    Registers := 1     
+---Muxes : 
	   2 Input     31 Bit        Muxes := 1     
	   2 Input      1 Bit        Muxes := 1     
Module clock_divider__parameterized1 
Detailed RTL Component Info : 
+---Adders : 
	   2 Input     31 Bit       Adders := 1     
+---Registers : 
	               31 Bit    Registers := 1     
	                1 Bit    Registers := 1     
+---Muxes : 
	   2 Input     31 Bit        Muxes := 1     
	   2 Input      1 Bit        Muxes := 1     
Module elevator_controller_fsm 
Detailed RTL Component Info : 
+---Registers : 
	                4 Bit    Registers := 1     
+---Muxes : 
	   2 Input      4 Bit        Muxes := 1     
	   2 Input      1 Bit        Muxes := 3     
	  16 Input      1 Bit        Muxes := 1     
Module TDM4 
Detailed RTL Component Info : 
+---Adders : 
	   2 Input      2 Bit       Adders := 1     
+---Registers : 
	                2 Bit    Registers := 1     
+---Muxes : 
	   2 Input      4 Bit        Muxes := 1     
	   2 Input      1 Bit        Muxes := 4     
---------------------------------------------------------------------------------
Finished RTL Hierarchical Component Statistics
---------------------------------------------------------------------------------
---------------------------------------------------------------------------------
Start Part Resource Summary
---------------------------------------------------------------------------------
Part Resources:
DSPs: 90 (col length:60)
BRAMs: 100 (col length: RAMB18 60 RAMB36 30)
---------------------------------------------------------------------------------
Finished Part Resource Summary
---------------------------------------------------------------------------------
---------------------------------------------------------------------------------
Start Cross Boundary and Area Optimization
---------------------------------------------------------------------------------
Warning: Parallel synthesis criteria is not met 
INFO: [Synth 8-5545] ROM "clkdiv_inst/f_clk" won't be mapped to RAM because address size (31) is larger than maximum supported(25)
INFO: [Synth 8-5545] ROM "clkdiv_inst2/f_clk" won't be mapped to RAM because address size (31) is larger than maximum supported(25)
INFO: [Synth 8-5545] ROM "clkdiv_inst/f_clk" won't be mapped to RAM because address size (31) is larger than maximum supported(25)
INFO: [Synth 8-5545] ROM "clkdiv_inst2/f_clk" won't be mapped to RAM because address size (31) is larger than maximum supported(25)
WARNING: [Synth 8-3917] design top_basys3 has port led[14] driven by constant 0
WARNING: [Synth 8-3917] design top_basys3 has port led[13] driven by constant 0
WARNING: [Synth 8-3917] design top_basys3 has port led[12] driven by constant 0
WARNING: [Synth 8-3917] design top_basys3 has port led[11] driven by constant 0
WARNING: [Synth 8-3917] design top_basys3 has port led[10] driven by constant 0
WARNING: [Synth 8-3917] design top_basys3 has port led[9] driven by constant 0
WARNING: [Synth 8-3917] design top_basys3 has port led[8] driven by constant 0
WARNING: [Synth 8-3917] design top_basys3 has port led[7] driven by constant 0
WARNING: [Synth 8-3917] design top_basys3 has port led[6] driven by constant 0
WARNING: [Synth 8-3917] design top_basys3 has port led[5] driven by constant 0
WARNING: [Synth 8-3917] design top_basys3 has port led[4] driven by constant 0
WARNING: [Synth 8-3917] design top_basys3 has port led[3] driven by constant 0
WARNING: [Synth 8-3917] design top_basys3 has port led[2] driven by constant 0
WARNING: [Synth 8-3917] design top_basys3 has port led[1] driven by constant 0
WARNING: [Synth 8-3917] design top_basys3 has port led[0] driven by constant 0
WARNING: [Synth 8-3331] design top_basys3 has unconnected port sw[13]
WARNING: [Synth 8-3331] design top_basys3 has unconnected port sw[12]
WARNING: [Synth 8-3331] design top_basys3 has unconnected port sw[11]
WARNING: [Synth 8-3331] design top_basys3 has unconnected port sw[10]
WARNING: [Synth 8-3331] design top_basys3 has unconnected port sw[9]
WARNING: [Synth 8-3331] design top_basys3 has unconnected port sw[8]
WARNING: [Synth 8-3331] design top_basys3 has unconnected port sw[7]
WARNING: [Synth 8-3331] design top_basys3 has unconnected port sw[6]
WARNING: [Synth 8-3331] design top_basys3 has unconnected port sw[5]
WARNING: [Synth 8-3331] design top_basys3 has unconnected port sw[4]
WARNING: [Synth 8-3331] design top_basys3 has unconnected port sw[3]
WARNING: [Synth 8-3331] design top_basys3 has unconnected port sw[2]
WARNING: [Synth 8-3331] design top_basys3 has unconnected port sw[1]
WARNING: [Synth 8-3331] design top_basys3 has unconnected port sw[0]
INFO: [Synth 8-3886] merging instance 'plexer_inst/o_sel_reg[0]' (LDP) to 'plexer_inst/o_sel_reg[1]'
INFO: [Synth 8-3333] propagating constant 1 across sequential element (\plexer_inst/o_sel_reg[1] )
WARNING: [Synth 8-3332] Sequential element (plexer_inst/o_sel_reg[1]) is unused and will be removed from module top_basys3.
---------------------------------------------------------------------------------
Finished Cross Boundary and Area Optimization : Time (s): cpu = 00:00:12 ; elapsed = 00:00:23 . Memory (MB): peak = 716.766 ; gain = 475.066
---------------------------------------------------------------------------------

Report RTL Partitions: 
+-+--------------+------------+----------+
| |RTL Partition |Replication |Instances |
+-+--------------+------------+----------+
+-+--------------+------------+----------+
---------------------------------------------------------------------------------
Start Applying XDC Timing Constraints
---------------------------------------------------------------------------------
---------------------------------------------------------------------------------
Finished Applying XDC Timing Constraints : Time (s): cpu = 00:00:19 ; elapsed = 00:00:35 . Memory (MB): peak = 717.352 ; gain = 475.652
---------------------------------------------------------------------------------
---------------------------------------------------------------------------------
Start Timing Optimization
---------------------------------------------------------------------------------
---------------------------------------------------------------------------------
Finished Timing Optimization : Time (s): cpu = 00:00:19 ; elapsed = 00:00:35 . Memory (MB): peak = 738.875 ; gain = 497.176
---------------------------------------------------------------------------------

Report RTL Partitions: 
+-+--------------+------------+----------+
| |RTL Partition |Replication |Instances |
+-+--------------+------------+----------+
+-+--------------+------------+----------+
---------------------------------------------------------------------------------
Start Technology Mapping
---------------------------------------------------------------------------------
---------------------------------------------------------------------------------
Finished Technology Mapping : Time (s): cpu = 00:00:20 ; elapsed = 00:00:36 . Memory (MB): peak = 738.875 ; gain = 497.176
---------------------------------------------------------------------------------

Report RTL Partitions: 
+-+--------------+------------+----------+
| |RTL Partition |Replication |Instances |
+-+--------------+------------+----------+
+-+--------------+------------+----------+
---------------------------------------------------------------------------------
Start IO Insertion
---------------------------------------------------------------------------------
---------------------------------------------------------------------------------
Start Flattening Before IO Insertion
---------------------------------------------------------------------------------
---------------------------------------------------------------------------------
Finished Flattening Before IO Insertion
---------------------------------------------------------------------------------
---------------------------------------------------------------------------------
Start Final Netlist Cleanup
---------------------------------------------------------------------------------
---------------------------------------------------------------------------------
Finished Final Netlist Cleanup
---------------------------------------------------------------------------------
---------------------------------------------------------------------------------
Finished IO Insertion : Time (s): cpu = 00:00:20 ; elapsed = 00:00:37 . Memory (MB): peak = 738.875 ; gain = 497.176
---------------------------------------------------------------------------------

Report Check Netlist: 
+------+------------------+-------+---------+-------+------------------+
|      |Item              |Errors |Warnings |Status |Description       |
+------+------------------+-------+---------+-------+------------------+
|1     |multi_driven_nets |      0|        0|Passed |Multi driven nets |
+------+------------------+-------+---------+-------+------------------+
---------------------------------------------------------------------------------
Start Renaming Generated Instances
---------------------------------------------------------------------------------
---------------------------------------------------------------------------------
Finished Renaming Generated Instances : Time (s): cpu = 00:00:20 ; elapsed = 00:00:37 . Memory (MB): peak = 738.875 ; gain = 497.176
---------------------------------------------------------------------------------

Report RTL Partitions: 
+-+--------------+------------+----------+
| |RTL Partition |Replication |Instances |
+-+--------------+------------+----------+
+-+--------------+------------+----------+
---------------------------------------------------------------------------------
Start Rebuilding User Hierarchy
---------------------------------------------------------------------------------
---------------------------------------------------------------------------------
Finished Rebuilding User Hierarchy : Time (s): cpu = 00:00:20 ; elapsed = 00:00:37 . Memory (MB): peak = 738.875 ; gain = 497.176
---------------------------------------------------------------------------------
---------------------------------------------------------------------------------
Start Renaming Generated Ports
---------------------------------------------------------------------------------
---------------------------------------------------------------------------------
Finished Renaming Generated Ports : Time (s): cpu = 00:00:20 ; elapsed = 00:00:37 . Memory (MB): peak = 738.875 ; gain = 497.176
---------------------------------------------------------------------------------
---------------------------------------------------------------------------------
Start Handling Custom Attributes
---------------------------------------------------------------------------------
---------------------------------------------------------------------------------
Finished Handling Custom Attributes : Time (s): cpu = 00:00:20 ; elapsed = 00:00:37 . Memory (MB): peak = 738.875 ; gain = 497.176
---------------------------------------------------------------------------------
---------------------------------------------------------------------------------
Start Renaming Generated Nets
---------------------------------------------------------------------------------
---------------------------------------------------------------------------------
Finished Renaming Generated Nets : Time (s): cpu = 00:00:20 ; elapsed = 00:00:37 . Memory (MB): peak = 738.875 ; gain = 497.176
---------------------------------------------------------------------------------
---------------------------------------------------------------------------------
Start Writing Synthesis Report
---------------------------------------------------------------------------------

Report BlackBoxes: 
+-+--------------+----------+
| |BlackBox name |Instances |
+-+--------------+----------+
+-+--------------+----------+

Report Cell Usage: 
+------+-------+------+
|      |Cell   |Count |
+------+-------+------+
|1     |BUFG   |     1|
|2     |CARRY4 |    16|
|3     |LUT1   |     4|
|4     |LUT2   |     4|
|5     |LUT3   |     4|
|6     |LUT4   |    79|
|7     |LUT5   |     4|
|8     |LUT6   |    11|
|9     |FDCE   |    66|
|10    |FDRE   |     4|
|11    |LD     |     4|
|12    |LDC    |     1|
|13    |LDP    |     1|
|14    |IBUF   |     6|
|15    |OBUF   |    27|
+------+-------+------+

Report Instance Areas: 
+------+------------------+------------------------------+------+
|      |Instance          |Module                        |Cells |
+------+------------------+------------------------------+------+
|1     |top               |                              |   232|
|2     |  clkdiv_inst     |clock_divider                 |    80|
|3     |  clkdiv_inst2    |clock_divider__parameterized1 |    81|
|4     |  controller_inst |elevator_controller_fsm       |    17|
|5     |  decoder_inst    |sevenSegDecoder               |     7|
|6     |  plexer_inst     |TDM4                          |    13|
+------+------------------+------------------------------+------+
---------------------------------------------------------------------------------
Finished Writing Synthesis Report : Time (s): cpu = 00:00:20 ; elapsed = 00:00:37 . Memory (MB): peak = 738.875 ; gain = 497.176
---------------------------------------------------------------------------------
Synthesis finished with 0 errors, 0 critical warnings and 32 warnings.
Synthesis Optimization Runtime : Time (s): cpu = 00:00:12 ; elapsed = 00:00:26 . Memory (MB): peak = 738.875 ; gain = 178.488
Synthesis Optimization Complete : Time (s): cpu = 00:00:20 ; elapsed = 00:00:37 . Memory (MB): peak = 738.875 ; gain = 497.176
INFO: [Project 1-571] Translating synthesized netlist
INFO: [Netlist 29-17] Analyzing 28 Unisim elements for replacement
INFO: [Netlist 29-28] Unisim Transformation completed in 0 CPU seconds
INFO: [Project 1-570] Preparing netlist for logic optimization
INFO: [Opt 31-138] Pushed 1 inverter(s) to 4 load pin(s).
INFO: [Project 1-111] Unisim Transformation Summary:
  A total of 6 instances were transformed.
  LD => LDCE (inverted pins: G): 4 instances
  LDC => LDCE: 1 instances
  LDP => LDPE: 1 instances

INFO: [Common 17-83] Releasing license: Synthesis
44 Infos, 61 Warnings, 0 Critical Warnings and 0 Errors encountered.
synth_design completed successfully
synth_design: Time (s): cpu = 00:00:21 ; elapsed = 00:00:40 . Memory (MB): peak = 738.875 ; gain = 510.023
WARNING: [Constraints 18-5210] No constraint will be written out.
INFO: [Common 17-1381] The checkpoint 'C:/Users/C27Brandon.Sweitzer/code/ece281-lab4/elevator_fsm.runs/synth_1/top_basys3.dcp' has been generated.
INFO: [runtcl-4] Executing : report_utilization -file top_basys3_utilization_synth.rpt -pb top_basys3_utilization_synth.pb
report_utilization: Time (s): cpu = 00:00:00 ; elapsed = 00:00:00.035 . Memory (MB): peak = 738.875 ; gain = 0.000
INFO: [Common 17-206] Exiting Vivado at Wed Apr 17 17:37:53 2024...
